<?xml version="1.0" encoding="UTF-8"?>
<!-- Generated by org.testng.reporters.JUnitReportReporter -->
<testsuite hostname="Saarth" failures="0" tests="4" name="ng01.testcase8" time="13.473" errors="0" timestamp="2026-05-30T16:24:33 IST" skipped="0">
  <testcase classname="ng01.testcase8" name="getTitle" time="4.550"/>
  <testcase classname="ng01.testcase8" name="getTitle" time="7.084"/>
  <testcase classname="ng01.testcase8" name="driverClose" time="0.826"/>
  <testcase classname="ng01.testcase8" name="driverClose" time="1.013"/>
</testsuite> <!-- ng01.testcase8 -->
