<?xml version="1.0" encoding="UTF-8"?>
<!-- Generated by org.testng.reporters.JUnitReportReporter -->
<testsuite hostname="Saarth" failures="0" tests="3" name="ng01.parallelTest" time="29.845" errors="0" timestamp="2026-04-19T15:08:09 IST" skipped="0">
  <testcase classname="ng01.parallelTest" name="loginCredentials" time="8.810"/>
  <testcase classname="ng01.parallelTest" name="loginCredentials" time="11.084"/>
  <testcase classname="ng01.parallelTest" name="loginCredentials" time="9.951"/>
</testsuite> <!-- ng01.parallelTest -->
