<?xml version="1.0" encoding="UTF-8"?>
<!-- Generated by org.testng.reporters.JUnitReportReporter -->
<testsuite hostname="Saarth" failures="0" tests="3" name="ng01.testcase3" time="10.001" errors="0" timestamp="2026-04-04T14:53:22 IST" skipped="0">
  <testcase classname="ng01.testcase3" name="openFacebook" time="5.589"/>
  <testcase classname="ng01.testcase3" name="inputCredentials" time="2.525"/>
  <testcase classname="ng01.testcase3" name="loginAndclose" time="1.887"/>
</testsuite> <!-- ng01.testcase3 -->
