<?xml version="1.0" encoding="UTF-8"?>
<!-- Generated by org.testng.reporters.JUnitReportReporter -->
<testsuite hostname="Saarth" failures="0" tests="3" name="ng01.testcase4" time="10.306" errors="0" timestamp="2026-04-14T17:52:55 IST" skipped="0">
  <testcase classname="ng01.testcase4" name="openAmazon" time="4.373"/>
  <testcase classname="ng01.testcase4" name="inputCredentials" time="5.632"/>
  <testcase classname="ng01.testcase4" name="loginAndClose" time="0.301"/>
</testsuite> <!-- ng01.testcase4 -->
