<?xml version="1.0" encoding="UTF-8"?>
<testng-results ignored="0" total="1" passed="1" failed="0" skipped="0">
  <reporter-output>
  </reporter-output>
  <suite started-at="2026-06-13T00:04:06 IST" name="Suite" finished-at="2026-06-13T00:04:18 IST" duration-ms="11821">
    <groups>
    </groups>
    <test started-at="2026-06-13T00:04:06 IST" name="Test" finished-at="2026-06-13T00:04:18 IST" duration-ms="11821">
      <class name="OrangeHRM.testMethod01">
        <test-method is-config="true" signature="preset()[pri:0, instance:OrangeHRM.testMethod01@10683d9d]" started-at="2026-06-13T00:04:06 IST" name="preset" finished-at="2026-06-13T00:04:13 IST" duration-ms="7006" status="PASS">
          <reporter-output>
          </reporter-output>
        </test-method> <!-- preset -->
        <test-method signature="testlogin()[pri:0, instance:OrangeHRM.testMethod01@10683d9d]" started-at="2026-06-13T00:04:13 IST" name="testlogin" finished-at="2026-06-13T00:04:16 IST" duration-ms="2366" status="PASS">
          <reporter-output>
          </reporter-output>
        </test-method> <!-- testlogin -->
        <test-method is-config="true" signature="testclose()[pri:0, instance:OrangeHRM.testMethod01@10683d9d]" started-at="2026-06-13T00:04:16 IST" name="testclose" finished-at="2026-06-13T00:04:18 IST" duration-ms="2368" status="PASS">
          <reporter-output>
          </reporter-output>
        </test-method> <!-- testclose -->
      </class> <!-- OrangeHRM.testMethod01 -->
    </test> <!-- Test -->
  </suite> <!-- Suite -->
</testng-results>
