<?xml version="1.0" encoding="UTF-8"?>
<testng-results ignored="0" total="1" passed="1" failed="0" skipped="0">
  <reporter-output>
  </reporter-output>
  <suite started-at="2026-05-09T14:39:13 IST" name="Suite" finished-at="2026-05-09T14:39:36 IST" duration-ms="23479">
    <groups>
    </groups>
    <test started-at="2026-05-09T14:39:13 IST" name="Test" finished-at="2026-05-09T14:39:36 IST" duration-ms="23479">
      <class name="ng01.testMethod1">
        <test-method is-config="true" signature="preset()[pri:0, instance:ng01.testMethod1@10683d9d]" started-at="2026-05-09T14:39:13 IST" name="preset" finished-at="2026-05-09T14:39:29 IST" duration-ms="16490" status="PASS">
          <reporter-output>
          </reporter-output>
        </test-method> <!-- preset -->
        <test-method signature="testlogin()[pri:0, instance:ng01.testMethod1@10683d9d]" started-at="2026-05-09T14:39:29 IST" name="testlogin" finished-at="2026-05-09T14:39:33 IST" duration-ms="4300" status="PASS">
          <reporter-output>
          </reporter-output>
        </test-method> <!-- testlogin -->
        <test-method is-config="true" signature="testclose()[pri:0, instance:ng01.testMethod1@10683d9d]" started-at="2026-05-09T14:39:34 IST" name="testclose" finished-at="2026-05-09T14:39:36 IST" duration-ms="2605" status="PASS">
          <reporter-output>
          </reporter-output>
        </test-method> <!-- testclose -->
      </class> <!-- ng01.testMethod1 -->
    </test> <!-- Test -->
  </suite> <!-- Suite -->
</testng-results>
