<?xml version="1.0" encoding="UTF-8"?>
<!-- Generated by org.testng.reporters.JUnitXMLReporter -->
<testsuite ignored="0" hostname="Saarth" failures="0" tests="4" name="Test2" time="5.616" errors="0" timestamp="2026-05-30T16:24:33 IST">
  <testcase classname="ng01.testcase6" name="a1" time="0.0"/>
  <testcase classname="ng01.testcase7" name="b1" time="0.0"/>
  <testcase classname="ng01.testcase8" name="getTitle" time="4.55"/>
  <testcase classname="ng01.testcase8" name="driverClose" time="1.013"/>
</testsuite> <!-- Test2 -->
