<?xml version="1.0" encoding="UTF-8"?>
<!-- Generated by org.testng.reporters.JUnitXMLReporter -->
<testsuite ignored="0" hostname="Saarth" failures="0" tests="4" name="Test1" time="8.064" errors="0" timestamp="2026-05-30T16:24:27 IST">
  <testcase classname="ng01.testcase6" name="a1" time="0.003"/>
  <testcase classname="ng01.testcase7" name="b1" time="0.001"/>
  <testcase classname="ng01.testcase8" name="getTitle" time="7.084"/>
  <testcase classname="ng01.testcase8" name="driverClose" time="0.826"/>
</testsuite> <!-- Test1 -->
